
-- create views --

CREATE VIEW BillingCurrentMonth AS
 SELECT *
 FROM Billing b
 WHERE b.date > '2024-12-1' AND b.date < '2025-01-01';
CREATE VIEW


 CREATE VIEW SubscriptionPremiumPlus AS
 SELECT * From Subscription s
 WHERE s.tier != 'Basic' and s.tier != 'Standard';
CREATE VIEW


CREATE VIEW HighWages AS
SELECT *
FROM Wage w
WHERE w.amount > 1500;
CREATE VIEW

CREATE VIEW ExpensiveAssets AS
SELECT *
FROM Asset a
WHERE a.cost > 400;
CREATE VIEW


-- select queries on views --
SELECT bcm.billingID, amount, date
FROM  BillingCurrentMonth bcm
JOIN Insurance_Expense ie ON bcm.BillingID = ie.BillingID
UNION ALL
SELECT bcm.billingID, amount, date
FROM  BillingCurrentMonth bcm
JOIN asset_expense ae ON bcm.BillingID = ae.BillingID
UNION ALL
SELECT bcm.billingID, amount, date
FROM  BillingCurrentMonth bcm
JOIN Wage_Expense we ON bcm.BillingID = we.BillingID;
 billingid |       amount       |    date
-----------+--------------------+------------
   1698983 |  597.1990265493193 | 2024-12-28
   1698988 |  805.7930511099089 | 2024-12-29
   1703807 | 268.58189572439426 | 2024-12-24
   1705328 |  449.2199131449355 | 2024-12-12
   1705728 | 458.35084843946976 | 2024-12-22
   1706818 |  767.0701404748564 | 2024-12-15
   1708687 |   850.982638548608 | 2024-12-06
   1709116 |   959.426227057097 | 2024-12-31
   1709187 | 19.821473589541615 | 2024-12-02
   1709882 |  599.6441189581128 | 2024-12-12
   1710079 |  631.0725549240283 | 2024-12-10
   1710271 | 221.49273306284786 | 2024-12-20
   1710589 |  805.5031427315588 | 2024-12-02
   1712304 |  86.35792170934687 | 2024-12-26
   1712666 |  997.0106050218944 | 2024-12-06
   1712824 | 133.74046068666888 | 2024-12-24
   1714996 |  157.8891575471815 | 2024-12-26
   1719269 |  603.2598790954768 | 2024-12-29
   1719364 | 107.49584973325433 | 2024-12-20
   1719633 |  586.7486902287369 | 2024-12-15
   1722223 |  566.3690796184571 | 2024-12-21
   1723001 | 311.27612678252194 | 2024-12-22
   1723444 |  496.2318082528253 | 2024-12-17
   1728326 |  622.0506980770859 | 2024-12-08
   1728605 |  360.6868214675109 | 2024-12-09
   1728664 |  651.8323227486255 | 2024-12-17
   1729160 |  830.7131099375263 | 2024-12-23
   1729846 | 187.20717803660523 | 2024-12-29
   1729909 |  597.2825415953059 | 2024-12-27
   1731776 |   890.194279939739 | 2024-12-27
   1732714 |  862.5238850278341 | 2024-12-19
   1733241 |  678.1137217448728 | 2024-12-18
   1733266 |  98.06668618755432 | 2024-12-08
   1733491 |  567.4051938611091 | 2024-12-23
   1733730 |   963.347766903558 | 2024-12-23
   1735072 | 389.32952195194434 | 2024-12-19
   1736137 |  832.0594887373029 | 2024-12-03
   1736231 |  585.9301798690667 | 2024-12-16
   1739165 |  347.3675020483249 | 2024-12-16
   1740487 |  982.5682425030859 | 2024-12-29
   1740950 |  195.7386315480312 | 2024-12-14
   1742072 |  973.1265782556391 | 2024-12-03
   1743716 |  68.34525386712602 | 2024-12-08
   1744693 |  724.2496116156391 | 2024-12-04
Time: 106.667 ms


UPDATE BillingCurrentMonth bcm
Library Billing System-# SET amount = amount + 100
Library Billing System-# WHERE exists (SELECT * FROM wage_expense we WHERE we.BillingID = bcm.BillingID);
UPDATE 9
Time: 7.702 ms

UPDATE BillingCurrentMonth bcm
SET amount = amount + 100
WHERE exists (SELECT * FROM wage_expense we WHERE we.BillingID = bcm.BillingID);
UPDATE 9
Time: 4.016 ms